Log file open, 02/21/17 16:37:47
LogInit:Display: Running engine for game: WorldBreaker_WB
LogPlatformFile: Not using cached read wrapper
LogInit:Display: RandInit(1291703298) SRandInit(1291703298).
LogTaskGraph: Started task graph with 5 named threads and 8 total threads with 1 sets of task threads.
LogStats: Stats thread started at 3.090391
LogPluginManager: Loaded Plugin Paper2D, From D:/Program Files (x86)/Epic Games/4.14/Engine/Plugins/2D/Paper2D/Paper2D.uplugin
LogPluginManager: Loaded Plugin LightPropagationVolume, From D:/Program Files (x86)/Epic Games/4.14/Engine/Plugins/Blendables/LightPropagationVolume/LightPropagationVolume.uplugin
LogPluginManager: Loaded Plugin BlankPlugin, From D:/Program Files (x86)/Epic Games/4.14/Engine/Plugins/Developer/BlankPlugin/BlankPlugin.uplugin
LogPluginManager: Loaded Plugin CodeLiteSourceCodeAccess, From D:/Program Files (x86)/Epic Games/4.14/Engine/Plugins/Developer/CodeLiteSourceCodeAccess/CodeLiteSourceCodeAccess.uplugin
LogPluginManager: Loaded Plugin GitSourceControl, From D:/Program Files (x86)/Epic Games/4.14/Engine/Plugins/Developer/GitSourceControl/GitSourceControl.uplugin
LogPluginManager: Loaded Plugin KDevelopSourceCodeAccess, From D:/Program Files (x86)/Epic Games/4.14/Engine/Plugins/Developer/KDevelopSourceCodeAccess/KDevelopSourceCodeAccess.uplugin
LogPluginManager: Loaded Plugin NullSourceCodeAccess, From D:/Program Files (x86)/Epic Games/4.14/Engine/Plugins/Developer/NullSourceCodeAccess/NullSourceCodeAccess.uplugin
LogPluginManager: Loaded Plugin OneSkyLocalizationService, From D:/Program Files (x86)/Epic Games/4.14/Engine/Plugins/Developer/OneSkyLocalizationService/OneSkyLocalizationService.uplugin
LogPluginManager: Loaded Plugin PerforceSourceControl, From D:/Program Files (x86)/Epic Games/4.14/Engine/Plugins/Developer/PerforceSourceControl/PerforceSourceControl.uplugin
LogPluginManager: Loaded Plugin SubversionSourceControl, From D:/Program Files (x86)/Epic Games/4.14/Engine/Plugins/Developer/SubversionSourceControl/SubversionSourceControl.uplugin
LogPluginManager: Loaded Plugin UObjectPlugin, From D:/Program Files (x86)/Epic Games/4.14/Engine/Plugins/Developer/UObjectPlugin/UObjectPlugin.uplugin
LogPluginManager: Loaded Plugin VisualStudioSourceCodeAccess, From D:/Program Files (x86)/Epic Games/4.14/Engine/Plugins/Developer/VisualStudioSourceCodeAccess/VisualStudioSourceCodeAccess.uplugin
LogPluginManager: Loaded Plugin XCodeSourceCodeAccess, From D:/Program Files (x86)/Epic Games/4.14/Engine/Plugins/Developer/XCodeSourceCodeAccess/XCodeSourceCodeAccess.uplugin
LogPluginManager: Loaded Plugin AudioCapture, From D:/Program Files (x86)/Epic Games/4.14/Engine/Plugins/Editor/AudioCapture/AudioCapture.uplugin
LogPluginManager: Loaded Plugin EpicSurvey, From D:/Program Files (x86)/Epic Games/4.14/Engine/Plugins/Editor/EpicSurvey/EpicSurvey.uplugin
LogPluginManager: Loaded Plugin MacGraphicsSwitching, From D:/Program Files (x86)/Epic Games/4.14/Engine/Plugins/Editor/MacGraphicsSwitching/MacGraphicsSwitching.uplugin
LogPluginManager: Loaded Plugin MobileLauncherProfileWizard, From D:/Program Files (x86)/Epic Games/4.14/Engine/Plugins/Editor/MobileLauncherProfileWizard/MobileLauncherProfileWizard.uplugin
LogPluginManager: Loaded Plugin PluginBrowser, From D:/Program Files (x86)/Epic Games/4.14/Engine/Plugins/Editor/PluginBrowser/PluginBrowser.uplugin
LogPluginManager: Loaded Plugin SpeedTreeImporter, From D:/Program Files (x86)/Epic Games/4.14/Engine/Plugins/Editor/SpeedTreeImporter/SpeedTreeImporter.uplugin
LogPluginManager: Loaded Plugin SuperSearchEditor, From D:/Program Files (x86)/Epic Games/4.14/Engine/Plugins/Editor/SuperSearchEditor/SuperSearchEditor.uplugin
LogPluginManager: Loaded Plugin AlembicImporter, From D:/Program Files (x86)/Epic Games/4.14/Engine/Plugins/Experimental/AlembicImporter/AlembicImporter.uplugin
LogPluginManager: Loaded Plugin BlueprintStats, From D:/Program Files (x86)/Epic Games/4.14/Engine/Plugins/Experimental/BlueprintStats/BlueprintStats.uplugin
LogPluginManager: Loaded Plugin CharacterAI, From D:/Program Files (x86)/Epic Games/4.14/Engine/Plugins/Experimental/CharacterAI/CharacterAI.uplugin
LogPluginManager: Loaded Plugin CodeEditor, From D:/Program Files (x86)/Epic Games/4.14/Engine/Plugins/Experimental/CodeEditor/CodeEditor.uplugin
LogPluginManager: Loaded Plugin CodeView, From D:/Program Files (x86)/Epic Games/4.14/Engine/Plugins/Experimental/CodeView/CodeView.uplugin
LogPluginManager: Loaded Plugin HTML5Networking, From D:/Program Files (x86)/Epic Games/4.14/Engine/Plugins/Experimental/HTML5Networking/HTML5Networking.uplugin
LogPluginManager: Loaded Plugin OSVR, From D:/Program Files (x86)/Epic Games/4.14/Engine/Plugins/Experimental/OSVR/OSVR.uplugin
LogPluginManager: Loaded Plugin Phya, From D:/Program Files (x86)/Epic Games/4.14/Engine/Plugins/Experimental/Phya/Phya.uplugin
LogPluginManager: Loaded Plugin SignificanceManager, From D:/Program Files (x86)/Epic Games/4.14/Engine/Plugins/Experimental/SignificanceManager/SignificanceManager.uplugin
LogPluginManager: Loaded Plugin SimpleHMD, From D:/Program Files (x86)/Epic Games/4.14/Engine/Plugins/Experimental/SimpleHMD/SimpleHMD.uplugin
LogPluginManager: Loaded Plugin StereoPanorama, From D:/Program Files (x86)/Epic Games/4.14/Engine/Plugins/Experimental/StereoPanorama/StereoPanorama.uplugin
LogPluginManager: Loaded Plugin StructBox, From D:/Program Files (x86)/Epic Games/4.14/Engine/Plugins/Experimental/StructBox/StructBox.uplugin
LogPluginManager: Loaded Plugin AndroidMedia, From D:/Program Files (x86)/Epic Games/4.14/Engine/Plugins/Media/AndroidMedia/AndroidMedia.uplugin
LogPluginManager: Loaded Plugin AvfMedia, From D:/Program Files (x86)/Epic Games/4.14/Engine/Plugins/Media/AvfMedia/AvfMedia.uplugin
LogPluginManager: Loaded Plugin MediaPlayerEditor, From D:/Program Files (x86)/Epic Games/4.14/Engine/Plugins/Media/MediaPlayerEditor/MediaPlayerEditor.uplugin
LogPluginManager: Loaded Plugin WmfMedia, From D:/Program Files (x86)/Epic Games/4.14/Engine/Plugins/Media/WmfMedia/WmfMedia.uplugin
LogPluginManager: Loaded Plugin MessagingDebugger, From D:/Program Files (x86)/Epic Games/4.14/Engine/Plugins/Messaging/MessagingDebugger/MessagingDebugger.uplugin
LogPluginManager: Loaded Plugin TcpMessaging, From D:/Program Files (x86)/Epic Games/4.14/Engine/Plugins/Messaging/TcpMessaging/TcpMessaging.uplugin
LogPluginManager: Loaded Plugin UdpMessaging, From D:/Program Files (x86)/Epic Games/4.14/Engine/Plugins/Messaging/UdpMessaging/UdpMessaging.uplugin
LogPluginManager: Loaded Plugin LevelSequenceEditor, From D:/Program Files (x86)/Epic Games/4.14/Engine/Plugins/MovieScene/LevelSequenceEditor/LevelSequenceEditor.uplugin
LogPluginManager: Loaded Plugin MatineeToLevelSequence, From D:/Program Files (x86)/Epic Games/4.14/Engine/Plugins/MovieScene/MatineeToLevelSequence/MatineeToLevelSequence.uplugin
LogPluginManager: Loaded Plugin NetcodeUnitTest, From D:/Program Files (x86)/Epic Games/4.14/Engine/Plugins/NetcodeUnitTest/NetcodeUnitTest/NetcodeUnitTest.uplugin
LogPluginManager: Loaded Plugin NUTUnrealEngine4, From D:/Program Files (x86)/Epic Games/4.14/Engine/Plugins/NetcodeUnitTest/NUTUnrealEngine4/NUTUnrealEngine4.uplugin
LogPluginManager: Loaded Plugin OnlineSubsystemGameCircle, From D:/Program Files (x86)/Epic Games/4.14/Engine/Plugins/Online/Android/OnlineSubsystemGameCircle/OnlineSubsystemGameCircle.uplugin
LogPluginManager: Loaded Plugin OnlineSubsystemGooglePlay, From D:/Program Files (x86)/Epic Games/4.14/Engine/Plugins/Online/Android/OnlineSubsystemGooglePlay/OnlineSubsystemGooglePlay.uplugin
LogPluginManager: Loaded Plugin OnlineSubsystemIOS, From D:/Program Files (x86)/Epic Games/4.14/Engine/Plugins/Online/IOS/OnlineSubsystemIOS/OnlineSubsystemIOS.uplugin
LogPluginManager: Loaded Plugin OnlineFramework, From D:/Program Files (x86)/Epic Games/4.14/Engine/Plugins/Online/OnlineFramework/OnlineFramework.uplugin
LogPluginManager: Loaded Plugin OnlineSubsystem, From D:/Program Files (x86)/Epic Games/4.14/Engine/Plugins/Online/OnlineSubsystem/OnlineSubsystem.uplugin
LogPluginManager: Loaded Plugin OnlineSubsystemAmazon, From D:/Program Files (x86)/Epic Games/4.14/Engine/Plugins/Online/OnlineSubsystemAmazon/OnlineSubsystemAmazon.uplugin
LogPluginManager: Loaded Plugin OnlineSubsystemFacebook, From D:/Program Files (x86)/Epic Games/4.14/Engine/Plugins/Online/OnlineSubsystemFacebook/OnlineSubsystemFacebook.uplugin
LogPluginManager: Loaded Plugin OnlineSubsystemNull, From D:/Program Files (x86)/Epic Games/4.14/Engine/Plugins/Online/OnlineSubsystemNull/OnlineSubsystemNull.uplugin
LogPluginManager: Loaded Plugin OnlineSubsystemOculus, From D:/Program Files (x86)/Epic Games/4.14/Engine/Plugins/Online/OnlineSubsystemOculus/OnlineSubsystemOculus.uplugin
LogPluginManager: Loaded Plugin OnlineSubsystemSteam, From D:/Program Files (x86)/Epic Games/4.14/Engine/Plugins/Online/OnlineSubsystemSteam/OnlineSubsystemSteam.uplugin
LogPluginManager: Loaded Plugin OnlineSubsystemUtils, From D:/Program Files (x86)/Epic Games/4.14/Engine/Plugins/Online/OnlineSubsystemUtils/OnlineSubsystemUtils.uplugin
LogPluginManager: Loaded Plugin IOSTapJoy, From D:/Program Files (x86)/Epic Games/4.14/Engine/Plugins/Runtime/Advertising/IOSTapJoy/IOSTapJoy.uplugin
LogPluginManager: Loaded Plugin AnalyticsBlueprintLibrary, From D:/Program Files (x86)/Epic Games/4.14/Engine/Plugins/Runtime/Analytics/AnalyticsBlueprintLibrary/AnalyticsBlueprintLibrary.uplugin
LogPluginManager: Loaded Plugin AnalyticsMulticast, From D:/Program Files (x86)/Epic Games/4.14/Engine/Plugins/Runtime/Analytics/AnalyticsMulticast/AnalyticsMulticast.uplugin
LogPluginManager: Loaded Plugin Apsalar, From D:/Program Files (x86)/Epic Games/4.14/Engine/Plugins/Runtime/Analytics/Apsalar/Apsalar.uplugin
LogPluginManager: Loaded Plugin FileLogging, From D:/Program Files (x86)/Epic Games/4.14/Engine/Plugins/Runtime/Analytics/FileLogging/FileLogging.uplugin
LogPluginManager: Loaded Plugin Flurry, From D:/Program Files (x86)/Epic Games/4.14/Engine/Plugins/Runtime/Analytics/Flurry/Flurry.uplugin
LogPluginManager: Loaded Plugin AndroidDeviceProfileSelector, From D:/Program Files (x86)/Epic Games/4.14/Engine/Plugins/Runtime/AndroidDeviceProfileSelector/AndroidDeviceProfileSelector.uplugin
LogPluginManager: Loaded Plugin AndroidMoviePlayer, From D:/Program Files (x86)/Epic Games/4.14/Engine/Plugins/Runtime/AndroidMoviePlayer/AndroidMoviePlayer.uplugin
LogPluginManager: Loaded Plugin AppleMoviePlayer, From D:/Program Files (x86)/Epic Games/4.14/Engine/Plugins/Runtime/AppleMoviePlayer/AppleMoviePlayer.uplugin
LogPluginManager: Loaded Plugin ArchVisCharacter, From D:/Program Files (x86)/Epic Games/4.14/Engine/Plugins/Runtime/ArchVisCharacter/ArchVisCharacter.uplugin
LogPluginManager: Loaded Plugin CableComponent, From D:/Program Files (x86)/Epic Games/4.14/Engine/Plugins/Runtime/CableComponent/CableComponent.uplugin
LogPluginManager: Loaded Plugin CustomMeshComponent, From D:/Program Files (x86)/Epic Games/4.14/Engine/Plugins/Runtime/CustomMeshComponent/CustomMeshComponent.uplugin
LogPluginManager: Loaded Plugin ExampleDeviceProfileSelector, From D:/Program Files (x86)/Epic Games/4.14/Engine/Plugins/Runtime/ExampleDeviceProfileSelector/ExampleDeviceProfileSelector.uplugin
LogPluginManager: Loaded Plugin GearVR, From D:/Program Files (x86)/Epic Games/4.14/Engine/Plugins/Runtime/GearVR/GearVR.uplugin
LogPluginManager: Loaded Plugin GoogleVRController, From D:/Program Files (x86)/Epic Games/4.14/Engine/Plugins/Runtime/GoogleVR/GoogleVRController/GoogleVRController.uplugin
LogPluginManager: Loaded Plugin GoogleVRHMD, From D:/Program Files (x86)/Epic Games/4.14/Engine/Plugins/Runtime/GoogleVR/GoogleVRHMD/GoogleVRHMD.uplugin
LogPluginManager: Loaded Plugin IOSDeviceProfileSelector, From D:/Program Files (x86)/Epic Games/4.14/Engine/Plugins/Runtime/IOSDeviceProfileSelector/IOSDeviceProfileSelector.uplugin
LogPluginManager: Loaded Plugin LeapMotion, From D:/Program Files (x86)/Epic Games/4.14/Engine/Plugins/Runtime/LeapMotion/LeapMotion.uplugin
LogPluginManager: Loaded Plugin LinuxDeviceProfileSelector, From D:/Program Files (x86)/Epic Games/4.14/Engine/Plugins/Runtime/LinuxDeviceProfileSelector/LinuxDeviceProfileSelector.uplugin
LogPluginManager: Loaded Plugin MIDIDevice, From D:/Program Files (x86)/Epic Games/4.14/Engine/Plugins/Runtime/MIDIDevice/MIDIDevice.uplugin
LogPluginManager: Loaded Plugin MobilePatchingUtils, From D:/Program Files (x86)/Epic Games/4.14/Engine/Plugins/Runtime/MobilePatchingUtils/MobilePatchingUtils.uplugin
LogPluginManager: Loaded Plugin Ansel, From D:/Program Files (x86)/Epic Games/4.14/Engine/Plugins/Runtime/Nvidia/Ansel/Ansel.uplugin
LogPluginManager: Loaded Plugin OculusAudio, From D:/Program Files (x86)/Epic Games/4.14/Engine/Plugins/Runtime/OculusAudio/OculusAudio.uplugin
LogPluginManager: Loaded Plugin OculusInput, From D:/Program Files (x86)/Epic Games/4.14/Engine/Plugins/Runtime/OculusInput/OculusInput.uplugin
LogPluginManager: Loaded Plugin OculusLibrary, From D:/Program Files (x86)/Epic Games/4.14/Engine/Plugins/Runtime/OculusLibrary/OculusLibrary.uplugin
LogPluginManager: Loaded Plugin OculusRift, From D:/Program Files (x86)/Epic Games/4.14/Engine/Plugins/Runtime/OculusRift/OculusRift.uplugin
LogPluginManager: Loaded Plugin Oodle, From D:/Program Files (x86)/Epic Games/4.14/Engine/Plugins/Runtime/PacketHandlers/CompressionComponents/Oodle/Oodle.uplugin
LogPluginManager: Loaded Plugin ProceduralMeshComponent, From D:/Program Files (x86)/Epic Games/4.14/Engine/Plugins/Runtime/ProceduralMeshComponent/ProceduralMeshComponent.uplugin
LogPluginManager: Loaded Plugin SoundMod, From D:/Program Files (x86)/Epic Games/4.14/Engine/Plugins/Runtime/SoundMod/SoundMod.uplugin
LogPluginManager: Loaded Plugin SoundVisualizations, From D:/Program Files (x86)/Epic Games/4.14/Engine/Plugins/Runtime/SoundVisualizations/SoundVisualizations.uplugin
LogPluginManager: Loaded Plugin SteamController, From D:/Program Files (x86)/Epic Games/4.14/Engine/Plugins/Runtime/Steam/SteamController/SteamController.uplugin
LogPluginManager: Loaded Plugin SteamVR, From D:/Program Files (x86)/Epic Games/4.14/Engine/Plugins/Runtime/Steam/SteamVR/SteamVR.uplugin
LogPluginManager: Loaded Plugin WebBrowserWidget, From D:/Program Files (x86)/Epic Games/4.14/Engine/Plugins/Runtime/WebBrowserWidget/WebBrowserWidget.uplugin
LogPluginManager: Loaded Plugin WindowsDeviceProfileSelector, From D:/Program Files (x86)/Epic Games/4.14/Engine/Plugins/Runtime/WindowsDeviceProfileSelector/WindowsDeviceProfileSelector.uplugin
LogPluginManager: Loaded Plugin WindowsMoviePlayer, From D:/Program Files (x86)/Epic Games/4.14/Engine/Plugins/Runtime/WindowsMoviePlayer/WindowsMoviePlayer.uplugin
LogPluginManager: Loaded Plugin ScriptPlugin, From D:/Program Files (x86)/Epic Games/4.14/Engine/Plugins/ScriptPlugin/ScriptPlugin.uplugin
LogPluginManager: Loaded Plugin SlateRemote, From D:/Program Files (x86)/Epic Games/4.14/Engine/Plugins/Slate/SlateRemote/SlateRemote.uplugin
LogPluginManager: Loaded Plugin EditorTests, From D:/Program Files (x86)/Epic Games/4.14/Engine/Plugins/Tests/EditorTests/EditorTests.uplugin
LogPluginManager: Loaded Plugin FbxAutomationTestBuilder, From D:/Program Files (x86)/Epic Games/4.14/Engine/Plugins/Tests/FbxAutomationTestBuilder/FbxAutomationTestBuilder.uplugin
LogPluginManager: Loaded Plugin FunctionalTestingEditor, From D:/Program Files (x86)/Epic Games/4.14/Engine/Plugins/Tests/FunctionalTestingEditor/FunctionalTestingEditor.uplugin
LogPluginManager: Loaded Plugin RuntimeTests, From D:/Program Files (x86)/Epic Games/4.14/Engine/Plugins/Tests/RuntimeTests/RuntimeTests.uplugin
LogPluginManager: Loaded Plugin ScreenshotTools, From D:/Program Files (x86)/Epic Games/4.14/Engine/Plugins/Tests/ScreenshotTools/ScreenshotTools.uplugin
LogInit: Using libcurl 7.47.1
LogInit:  - built for x86_64-pc-win32
LogInit:  - supports SSL with OpenSSL/1.0.2g
LogInit:  - supports HTTP deflate (compression) using libz 1.2.8
LogInit:  - other features:
LogInit:      CURL_VERSION_SSL
LogInit:      CURL_VERSION_LIBZ
LogInit:      CURL_VERSION_IPV6
LogInit:      CURL_VERSION_ASYNCHDNS
LogInit:      CURL_VERSION_LARGEFILE
LogInit:      CURL_VERSION_IDN
LogInit:  CurlRequestOptions (configurable via config and command line):
LogInit:  - bVerifyPeer = false  - Libcurl will NOT verify peer certificate
LogInit:  - bUseHttpProxy = false  - Libcurl will NOT use HTTP proxy
LogInit:  - bDontReuseConnections = false  - Libcurl will reuse connections
LogInit:  - CertBundlePath = nullptr  - Libcurl will use whatever was configured at build time.
LogInit: Build: ++UE4+Release-4.14-CL-3249277
LogInit: Engine Version: 4.14.3-3249277+++UE4+Release-4.14
LogInit: Compatible Engine Version: 4.14.0-3195953+++UE4+Release-4.14
LogInit: Net CL: 3195953
LogDevObjectVersion: Number of dev versions registered: 13
LogDevObjectVersion:   Dev-Blueprints (B0D832E4-1F89-4F0D-ACCF-7EB736FD4AA2): 7
LogDevObjectVersion:   Dev-Build (E1C64328-A22C-4D53-A36C-8E866417BD8C): 0
LogDevObjectVersion:   Dev-Core (375EC13C-06E4-48FB-B500-84F0262A717E): 1
LogDevObjectVersion:   Dev-Editor (E4B068ED-F494-42E9-A231-DA0B2E46BB41): 8
LogDevObjectVersion:   Dev-Framework (CFFC743F-43B0-4480-9391-14DF171D2073): 17
LogDevObjectVersion:   Dev-Mobile (B02B49B5-BB20-44E9-A304-32B752E40360): 0
LogDevObjectVersion:   Dev-Networking (A4E4105C-59A1-49B5-A7C5-40C4547EDFEE): 0
LogDevObjectVersion:   Dev-Online (39C831C9-5AE6-47DC-9A44-9C173E1C8E7C): 0
LogDevObjectVersion:   Dev-Physics (78F01B33-EBEA-4F98-B9B4-84EACCB95AA2): 0
LogDevObjectVersion:   Dev-Platform (6631380F-2D4D-43E0-8009-CF276956A95A): 0
LogDevObjectVersion:   Dev-Rendering (12F88B9F-8875-4AFC-A67C-D90C383ABD29): 12
LogDevObjectVersion:   Dev-Sequencer (7B5AE74C-D270-4C10-A958-57980B212A5A): 1
LogDevObjectVersion:   Dev-VR (D7296918-1DD6-4BDD-9DE2-64A83CC13884): 0
LogInit: Compiled (64-bit): Jan  6 2017 10:49:43
LogInit: Compiled with Visual C++: 19.00.23026.00
LogInit: Build Configuration: Development
LogInit: Branch Name: ++UE4+Release-4.14
LogInit: Command line:  
LogInit: Base directory: D:/Program Files (x86)/Epic Games/4.14/Engine/Binaries/Win64/
LogInit: Installed Engine Build: 1
LogInit: Presizing for max 8388607 objects, including 0 objects not considered by GC, pre-allocating 0 bytes for permanent pool.
LogInit: Object subsystem initialized
[2017.02.21-23.37.48:844][  0]LogInit: Selected Device Profile: [Windows]
[2017.02.21-23.37.48:844][  0]LogInit: Applying CVar settings loaded from the selected device profile: [Windows]
[2017.02.21-23.37.49:248][  0]LogInit: Computer: SYNAPSE
[2017.02.21-23.37.49:248][  0]LogInit: User: Brandon
[2017.02.21-23.37.49:248][  0]LogInit: CPU Page size=65536, Cores=4
[2017.02.21-23.37.49:248][  0]LogInit: High frequency timer resolution =3.421875 MHz
[2017.02.21-23.37.49:249][  0]LogMemory: Memory total: Physical=16.0GB (16GB approx)
[2017.02.21-23.37.49:249][  0]LogMemory: Platform Memory Stats for Windows
[2017.02.21-23.37.49:249][  0]LogMemory: Process Physical Memory: 266.27 MB used, 266.27 MB peak
[2017.02.21-23.37.49:249][  0]LogMemory: Process Virtual Memory: 262.73 MB used, 262.73 MB peak
[2017.02.21-23.37.49:249][  0]LogMemory: Physical Memory: 4457.50 MB used,  11879.36 MB free, 16336.86 MB total
[2017.02.21-23.37.49:249][  0]LogMemory: Virtual Memory: 676.00 MB used,  11879.36 MB free, 134217728.00 MB total
[2017.02.21-23.37.50:177][  0]LogTextLocalizationManager: No specific translations for ('en-US') exist, so ('en') translations will be used.
[2017.02.21-23.37.52:961][  0]LogD3D11RHI: D3D11 adapters:
[2017.02.21-23.37.53:437][  0]LogD3D11RHI:    0. 'NVIDIA GeForce GTX 1080' (Feature Level 11_0)
[2017.02.21-23.37.53:437][  0]LogD3D11RHI:       8110/0/8168 MB DedicatedVideo/DedicatedSystem/SharedSystem, Outputs:1, VendorId:0x10de
[2017.02.21-23.37.53:438][  0]LogD3D11RHI:    1. 'Microsoft Basic Render Driver' (Feature Level 11_0)
[2017.02.21-23.37.53:438][  0]LogD3D11RHI:       0/0/8168 MB DedicatedVideo/DedicatedSystem/SharedSystem, Outputs:0, VendorId:0x1414
[2017.02.21-23.37.53:438][  0]LogD3D11RHI: Chosen D3D11 Adapter: 0
[2017.02.21-23.37.53:442][  0]LogD3D11RHI: Creating new Direct3DDevice
[2017.02.21-23.37.53:442][  0]LogD3D11RHI:     GPU DeviceId: 0x1b80 (for the marketing name, search the web for "GPU Device Id")
[2017.02.21-23.37.53:442][  0]LogWindows: EnumDisplayDevices:
[2017.02.21-23.37.53:443][  0]LogWindows:    0. 'NVIDIA GeForce GTX 1080' (P:1 D:1)
[2017.02.21-23.37.53:443][  0]LogWindows:    1. 'NVIDIA GeForce GTX 1080' (P:0 D:0)
[2017.02.21-23.37.53:443][  0]LogWindows:    2. 'NVIDIA GeForce GTX 1080' (P:0 D:0)
[2017.02.21-23.37.53:443][  0]LogWindows:    3. 'NVIDIA GeForce GTX 1080' (P:0 D:0)
[2017.02.21-23.37.53:443][  0]LogWindows: DebugString: FoundDriverCount:4 
[2017.02.21-23.37.53:443][  0]LogD3D11RHI:     Adapter Name: NVIDIA GeForce GTX 1080
[2017.02.21-23.37.53:443][  0]LogD3D11RHI:   Driver Version: 378.66 (internal:21.21.13.7866, unified:378.66)
[2017.02.21-23.37.53:443][  0]LogD3D11RHI:      Driver Date: 2-9-2017
[2017.02.21-23.37.53:445][  0]LogRHI: Texture pool is 1361 MB (70% of 1945 MB)
[2017.02.21-23.37.53:920][  0]LogD3D11RHI: Async texture creation enabled
[2017.02.21-23.37.54:444][  0]LogD3D11RHI: GPU Timing Frequency: 1000.000000 (Debug: 2 1)
[2017.02.21-23.37.54:554][  0]LogShaderCompilers: Guid format shader working directory is 29 characters bigger than the processId version (F:/WorldBreaker_WB/Intermediate/Shaders/WorkingDirectory/12132/).
[2017.02.21-23.37.54:554][  0]LogShaderCompilers: Cleaned the shader compiler working directory 'C:/Users/Brandon/AppData/Local/Temp/UnrealShaderWorkingDir/A7878C8644A8941B1D1F0580F4FFB36F/'.
[2017.02.21-23.37.54:554][  0]LogShaderCompilers:Display: Using Local Shader Compiler.
[2017.02.21-23.37.58:393][  0]LogTemp:Display: Loaded TP AllDesktopTargetPlatform
[2017.02.21-23.37.58:431][  0]LogTemp:Display: Loaded TP MacClientTargetPlatform
[2017.02.21-23.37.58:471][  0]LogTemp:Display: Loaded TP MacNoEditorTargetPlatform
[2017.02.21-23.37.58:513][  0]LogTemp:Display: Loaded TP MacServerTargetPlatform
[2017.02.21-23.37.58:566][  0]LogTemp:Display: Loaded TP MacTargetPlatform
[2017.02.21-23.37.58:605][  0]LogTemp:Display: Loaded TP WindowsClientTargetPlatform
[2017.02.21-23.37.58:645][  0]LogTemp:Display: Loaded TP WindowsNoEditorTargetPlatform
[2017.02.21-23.37.58:686][  0]LogTemp:Display: Loaded TP WindowsServerTargetPlatform
[2017.02.21-23.37.58:717][  0]LogTemp:Display: Loaded TP WindowsTargetPlatform
[2017.02.21-23.37.58:767][  0]LogTemp:Display: Loaded TP AndroidTargetPlatform
[2017.02.21-23.37.58:817][  0]LogTemp:Display: Loaded TP Android_ASTCTargetPlatform
[2017.02.21-23.37.58:855][  0]LogTemp:Display: Loaded TP Android_ATCTargetPlatform
[2017.02.21-23.37.58:895][  0]LogTemp:Display: Loaded TP Android_DXTTargetPlatform
[2017.02.21-23.37.58:933][  0]LogTemp:Display: Loaded TP Android_ETC1TargetPlatform
[2017.02.21-23.37.58:972][  0]LogTemp:Display: Loaded TP Android_ETC2TargetPlatform
[2017.02.21-23.37.59:055][  0]LogTemp:Display: Loaded TP Android_MultiTargetPlatform
[2017.02.21-23.37.59:055][  0]LogTemp:Display: Loaded TP Android_PVRTCTargetPlatform
[2017.02.21-23.37.59:081][  0]LogTemp:Display: Loaded TP HTML5TargetPlatform
[2017.02.21-23.37.59:223][  0]LogTemp:Display: Loaded TP IOSTargetPlatform
[2017.02.21-23.37.59:248][  0]LogTemp:Display: Loaded TP TVOSTargetPlatform
[2017.02.21-23.37.59:306][  0]LogTemp:Display: Loaded TP LinuxClientTargetPlatform
[2017.02.21-23.37.59:344][  0]LogTemp:Display: Loaded TP LinuxNoEditorTargetPlatform
[2017.02.21-23.37.59:382][  0]LogTemp:Display: Loaded TP LinuxServerTargetPlatform
[2017.02.21-23.37.59:423][  0]LogTemp:Display: Loaded TP LinuxTargetPlatform
[2017.02.21-23.37.59:424][  0]LogTargetPlatformManager:Display: Building Assets For Windows
[2017.02.21-23.38.00:428][  0]LogDerivedDataCache:Display: Max Cache Size: 512 MB
[2017.02.21-23.38.00:636][  0]LogDerivedDataCache: Loaded boot cache 0.21s 50MB C:/Users/Brandon/AppData/Local/UnrealEngine/4.14/DerivedDataCache/Boot.ddc.
[2017.02.21-23.38.00:637][  0]LogDerivedDataCache:Display: Loaded Boot cache: C:/Users/Brandon/AppData/Local/UnrealEngine/4.14/DerivedDataCache/Boot.ddc
[2017.02.21-23.38.00:637][  0]LogDerivedDataCache: FDerivedDataBackendGraph:  Pak pak cache file F:/WorldBreaker_WB/DerivedDataCache/DDC.ddp not found, will not use a pak cache.
[2017.02.21-23.38.00:637][  0]LogDerivedDataCache: Unable to find inner node Pak for hierarchical cache Hierarchy.
[2017.02.21-23.38.00:637][  0]LogDerivedDataCache: FDerivedDataBackendGraph:  CompressedPak pak cache file F:/WorldBreaker_WB/DerivedDataCache/Compressed.ddp not found, will not use a pak cache.
[2017.02.21-23.38.00:637][  0]LogDerivedDataCache: Unable to find inner node CompressedPak for hierarchical cache Hierarchy.
[2017.02.21-23.38.00:708][  0]LogDerivedDataCache:Display: Pak cache opened for reading ../../../Engine/DerivedDataCache/Compressed.ddp.
[2017.02.21-23.38.00:721][  0]LogDerivedDataCache: Using Local data cache path C:/Users/Brandon/AppData/Local/UnrealEngine/Common/DerivedDataCache: Writable
[2017.02.21-23.38.07:947][  0]LogInit: Selected Device Profile: [Windows]
[2017.02.21-23.38.08:003][  0]LogContentStreaming: Texture pool size is 0.00 MB
[2017.02.21-23.38.08:698][  0]LogMeshUtilities: Using QuadricMeshReduction for automatic static mesh reduction
[2017.02.21-23.38.08:831][  0]LogSimplygon: Simplygon DLL not present - disabling.
[2017.02.21-23.38.08:886][  0]LogMeshUtilities: Using SimplygonSwarm for distributed automatic mesh merging
[2017.02.21-23.38.08:886][  0]LogMeshUtilities: No automatic skeletal mesh reduction module available
[2017.02.21-23.38.08:886][  0]LogMeshUtilities: No automatic mesh merging module available
[2017.02.21-23.38.14:074][  0]LogNetVersion: GetLocalNetworkVersion: CL: 3195953, ProjectName: worldbreaker_wb, ProjectVersion: , EngineNetworkVersion: 2, GameNetworkVersion: 0, NetworkChecksum: 2011151628
[2017.02.21-23.38.14:284][  0]LogAssetRegistry: FAssetRegistry took 0.0328 seconds to start up
[2017.02.21-23.38.14:717][  0]LogPackageLocalizationCache: Processed 3 localized package path(s) for 2 prioritized culture(s) in 0.344389 seconds
[2017.02.21-23.38.14:745][  0]LogUObjectArray: 31946 objects as part of root set at end of initial load.
[2017.02.21-23.38.14:745][  0]LogUObjectAllocator: 6935848 out of 0 bytes used by permanent object pool.
[2017.02.21-23.38.14:745][  0]LogUObjectArray: CloseDisregardForGC: 0/0 objects in disregard for GC pool
[2017.02.21-23.38.14:840][  0]LogInit: WinSock: version 1.1 (2.2), MaxSocks=32767, MaxUdp=65467
[2017.02.21-23.38.17:022][  0]LogSlate: Using Freetype 2.6.0
[2017.02.21-23.38.17:095][  0]LogSlate: SlateFontCache - WITH_FREETYPE: 1, WITH_HARFBUZZ: 1
[2017.02.21-23.38.17:095][  0]LogSlate: SlateFontCache - WITH_FREETYPE: 1, WITH_HARFBUZZ: 1
[2017.02.21-23.38.23:891][  0]LogTcpMessaging: Initializing TcpMessaging bridge
[2017.02.21-23.38.23:942][  0]LogUdpMessaging: Initializing bridge on interface 0.0.0.0:0 to multicast group 230.0.0.1:6666.
[2017.02.21-23.38.24:944][  0]LogMaterial: Uniform references updated for custom material expression Custom.
[2017.02.21-23.38.25:750][  0]SourceControl: Info Source control is disabled
[2017.02.21-23.38.25:759][  0]SourceControl: Info Source control is disabled
[2017.02.21-23.38.25:841][  0]SourceControl: Info Source control is disabled
[2017.02.21-23.38.25:899][  0]SourceControl: Info Source control is disabled
[2017.02.21-23.38.28:371][  0]LogEngine: Initializing Engine...
[2017.02.21-23.38.28:382][  0]LogHMD: Failed to initialize OpenVR with code 110
[2017.02.21-23.38.29:343][  0]LogAIModule: Creating AISystem for world Untitled
[2017.02.21-23.38.29:455][  0]LogInit: XAudio2 using 'Speakers (Realtek High Definition Audio)' : 2 channels at 48 kHz using 32 bits per sample (channel mask 0x3)
[2017.02.21-23.38.29:469][  0]LogInit: FAudioDevice initialized.
[2017.02.21-23.38.29:490][  0]LogDerivedDataCache: Saved boot cache 0.02s 50MB C:/Users/Brandon/AppData/Local/UnrealEngine/4.14/DerivedDataCache/Boot.ddc.
[2017.02.21-23.38.29:498][  0]LogInit: Texture streaming: Enabled
[2017.02.21-23.38.30:215][  0]LogInit: Transaction tracking system initialized
[2017.02.21-23.38.32:421][  0]BlueprintLog: New page: Editor Load
[2017.02.21-23.38.34:527][  0]LocalizationService: Info Localization service is disabled
[2017.02.21-23.38.36:474][  0]LogConsoleResponse:Display: 
[2017.02.21-23.38.39:812][  0]LogFileCache: Scanning file cache for directory 'F:/WorldBreaker_WB/Content/' took 0.02s
[2017.02.21-23.38.39:812][  0]LogCook:Display: Max memory allowance for cook 16384mb min free memory 0mb
[2017.02.21-23.38.39:812][  0]LogCook:Display: Mobile HDR setting 1
[2017.02.21-23.38.43:547][  0]SourceControl: Info Source control is disabled
[2017.02.21-23.38.43:599][  0]Cmd: MAP LOAD FILE="F:/WorldBreaker_WB/Content/StarterContent/Maps/Minimal_Default.umap" TEMPLATE=0 SHOWPROGRESS=1 FEATURELEVEL=3
[2017.02.21-23.38.43:719][  0]LightingResults: New page: Lighting Build
[2017.02.21-23.38.44:231][  0]MapCheck: New page: Map Check
[2017.02.21-23.38.44:231][  0]LightingResults: New page: Lighting Build
[2017.02.21-23.38.47:928][  0]LogAIModule: Creating AISystem for world Minimal_Default
[2017.02.21-23.38.57:210][  0]LogEditorServer: Finished looking for orphan Actors (0.000 secs)
[2017.02.21-23.38.57:507][  0]Cmd: MAP CHECKDEP NOCLEARLOG
[2017.02.21-23.38.57:738][  0]MapCheck: Info Map check complete: 0 Error(s), 0 Warning(s), took 230.868ms to complete.
[2017.02.21-23.38.57:739][  0]LogFileHelpers: Loading map 'Minimal_Default' took 14.155
[2017.02.21-23.39.01:659][  0]LogCollectionManager: Loaded 0 collections in 0.000724 seconds
[2017.02.21-23.39.02:323][  0]LogFileCache: Scanning file cache for directory 'F:/WorldBreaker_WB/Saved/Collections/' took 0.01s
[2017.02.21-23.39.02:323][  0]LogFileCache: Scanning file cache for directory 'F:/WorldBreaker_WB/Content/Developers/Brandon/Collections/' took 0.01s
[2017.02.21-23.39.02:324][  0]LogFileCache: Scanning file cache for directory 'F:/WorldBreaker_WB/Content/Collections/' took 0.01s
[2017.02.21-23.39.02:324][  0]LogCollectionManager: Rebuilt the GUID cache for 0 collections in 0.000001 seconds
[2017.02.21-23.39.02:761][  0]LogContentBrowser: Native class hierarchy populated in 0.1534 seconds. Added 2190 classes and 428 folders.
[2017.02.21-23.39.03:798][  0]LogStats: UGameplayTagsManager::ConstructGameplayTagTree: Construct from data asset -  0.000 s
[2017.02.21-23.39.03:798][  0]LogStats: UGameplayTagsManager::ConstructGameplayTagTree: GameplayTagTreeChangedEvent.Broadcast -  0.000 s
[2017.02.21-23.39.03:799][  0]LogContentBrowser: Native class hierarchy updated for 'GameplayTags' in 0.0006 seconds. Added 13 classes and 0 folders.
[2017.02.21-23.39.03:976][  0]LogContentBrowser: Native class hierarchy updated for 'WidgetCarousel' in 0.0004 seconds. Added 0 classes and 0 folders.
[2017.02.21-23.39.07:098][  0]LogContentBrowser: Native class hierarchy updated for 'AddContentDialog' in 0.0005 seconds. Added 0 classes and 0 folders.
[2017.02.21-23.39.07:188][  0]LogContentBrowser: Native class hierarchy updated for 'SceneOutliner' in 0.0007 seconds. Added 1 classes and 2 folders.
[2017.02.21-23.39.07:769][  0]LogCrashTracker: Crashtracker disabled due to settings.
[2017.02.21-23.39.08:051][  0]LogUObjectGlobals:Warning: Failed to find object 'Class None.'
[2017.02.21-23.39.08:677][  0]LogContentBrowser: Native class hierarchy updated for 'HierarchicalLODOutliner' in 0.0006 seconds. Added 1 classes and 2 folders.
[2017.02.21-23.39.08:677][  0]LogLoad: (Engine Initialization) Total time: 91.32 seconds
[2017.02.21-23.39.08:677][  0]LogLoad: (Engine Initialization) Total Blueprint compile time: 0.66 seconds
[2017.02.21-23.39.08:677][  0]LogExternalProfiler: Found external profiler: VSPerf
[2017.02.21-23.39.08:677][  0]LogExternalProfiler: Using external profiler: VSPerf
[2017.02.21-23.39.09:029][  0]LogOcInput: OculusInput pre-init called
[2017.02.21-23.39.09:447][  0]LogContentStreaming: Texture pool size now 1000 MB
[2017.02.21-23.39.10:837][  0]LogRenderer: Reallocating scene render targets to support 768x364 NumSamples 1 (Frame:2).
[2017.02.21-23.39.11:603][  3]LogAssetRegistry: Asset discovery search completed in 57.3412 seconds
[2017.02.21-23.39.11:605][  3]LogCollectionManager: Rebuilt the object cache for 0 collections in 0.000001 seconds (found 0 objects)
[2017.02.21-23.39.11:605][  3]LogCollectionManager: Fixed up redirectors for 0 collections in 0.001981 seconds (updated 0 objects)
